{"/Users/eddybrandovasquez/Development/GitHub/qiskit-community/qiskit-vue/src/components/banner/Banner.vue": {"path":"/Users/eddybrandovasquez/Development/GitHub/qiskit-community/qiskit-vue/src/components/banner/Banner.vue","statementMap":{"0":{"start":{"line":8,"column":0},"end":{"line":8,"column":null}},"1":{"start":{"line":9,"column":0},"end":{"line":9,"column":null}},"2":{"start":{"line":11,"column":15},"end":{"line":11,"column":31}}},"fnMap":{},"branchMap":{},"s":{"0":1,"1":1,"2":1},"f":{},"b":{}}
,"/Users/eddybrandovasquez/Development/GitHub/qiskit-community/qiskit-vue/src/components/banner/index.ts": {"path":"/Users/eddybrandovasquez/Development/GitHub/qiskit-community/qiskit-vue/src/components/banner/index.ts","statementMap":{"0":{"start":{"line":1,"column":0},"end":{"line":1,"column":null}},"1":{"start":{"line":4,"column":15},"end":{"line":4,"column":null}}},"fnMap":{},"branchMap":{},"s":{"0":1,"1":1},"f":{},"b":{}}
,"/Users/eddybrandovasquez/Development/GitHub/qiskit-community/qiskit-vue/src/constants/components.ts": {"path":"/Users/eddybrandovasquez/Development/GitHub/qiskit-community/qiskit-vue/src/constants/components.ts","statementMap":{"0":{"start":{"line":1,"column":27},"end":{"line":1,"column":null}},"1":{"start":{"line":2,"column":31},"end":{"line":2,"column":null}},"2":{"start":{"line":3,"column":25},"end":{"line":3,"column":null}},"3":{"start":{"line":4,"column":39},"end":{"line":4,"column":null}},"4":{"start":{"line":5,"column":33},"end":{"line":5,"column":null}}},"fnMap":{},"branchMap":{},"s":{"0":1,"1":1,"2":1,"3":1,"4":1},"f":{},"b":{}}
}
