TN:
SF:/Users/eddybrandovasquez/Development/GitHub/qiskit-community/qiskit-vue/src/components/banner/Banner.vue
FNF:0
FNH:0
DA:8,1
DA:9,1
DA:11,1
LF:3
LH:3
BRF:0
BRH:0
end_of_record
TN:
SF:/Users/eddybrandovasquez/Development/GitHub/qiskit-community/qiskit-vue/src/components/banner/index.ts
FNF:0
FNH:0
DA:1,1
DA:4,1
LF:2
LH:2
BRF:0
BRH:0
end_of_record
TN:
SF:/Users/eddybrandovasquez/Development/GitHub/qiskit-community/qiskit-vue/src/constants/components.ts
FNF:0
FNH:0
DA:1,1
DA:2,1
DA:3,1
DA:4,1
LF:4
LH:4
BRF:0
BRH:0
end_of_record
